07:12:53 **** Incremental Build of configuration Debug for project 10_signal_test ****
make -j3 all 
arm-none-eabi-gcc "../Core/Src/1_app.c" -mcpu=cortex-m4 -std=gnu11 -g3 -D__TARGET_FPU_VFP -D__FPU_PRESENT=1 -DDEBUG -DARM_MATH_CM4 -DUSE_HAL_DRIVER -DSTM32L475xx -c -I../Core/Inc -I../Middlewares/Third_Party/ARM_CMSIS/CMSIS/DSP/Include -I../Drivers/CMSIS/Include -I../Drivers/CMSIS/Device/ST/STM32L4xx/Include -I../Drivers/STM32L4xx_HAL_Driver/Inc -I../Drivers/STM32L4xx_HAL_Driver/Inc/Legacy -O0 -ffunction-sections -fdata-sections -Wall -fstack-usage -MMD -MP -MF"Core/Src/1_app.d" -MT"Core/Src/1_app.o" --specs=nano.specs -mfpu=fpv4-sp-d16 -mfloat-abi=hard -mthumb -o "Core/Src/1_app.o"
arm-none-eabi-gcc "../Core/Src/2_app.c" -mcpu=cortex-m4 -std=gnu11 -g3 -D__TARGET_FPU_VFP -D__FPU_PRESENT=1 -DDEBUG -DARM_MATH_CM4 -DUSE_HAL_DRIVER -DSTM32L475xx -c -I../Core/Inc -I../Middlewares/Third_Party/ARM_CMSIS/CMSIS/DSP/Include -I../Drivers/CMSIS/Include -I../Drivers/CMSIS/Device/ST/STM32L4xx/Include -I../Drivers/STM32L4xx_HAL_Driver/Inc -I../Drivers/STM32L4xx_HAL_Driver/Inc/Legacy -O0 -ffunction-sections -fdata-sections -Wall -fstack-usage -MMD -MP -MF"Core/Src/2_app.d" -MT"Core/Src/2_app.o" --specs=nano.specs -mfpu=fpv4-sp-d16 -mfloat-abi=hard -mthumb -o "Core/Src/2_app.o"
arm-none-eabi-gcc "../Core/Src/3_app.c" -mcpu=cortex-m4 -std=gnu11 -g3 -D__TARGET_FPU_VFP -D__FPU_PRESENT=1 -DDEBUG -DARM_MATH_CM4 -DUSE_HAL_DRIVER -DSTM32L475xx -c -I../Core/Inc -I../Middlewares/Third_Party/ARM_CMSIS/CMSIS/DSP/Include -I../Drivers/CMSIS/Include -I../Drivers/CMSIS/Device/ST/STM32L4xx/Include -I../Drivers/STM32L4xx_HAL_Driver/Inc -I../Drivers/STM32L4xx_HAL_Driver/Inc/Legacy -O0 -ffunction-sections -fdata-sections -Wall -fstack-usage -MMD -MP -MF"Core/Src/3_app.d" -MT"Core/Src/3_app.o" --specs=nano.specs -mfpu=fpv4-sp-d16 -mfloat-abi=hard -mthumb -o "Core/Src/3_app.o"
arm-none-eabi-gcc "../Core/Src/adc.c" -mcpu=cortex-m4 -std=gnu11 -g3 -D__TARGET_FPU_VFP -D__FPU_PRESENT=1 -DDEBUG -DARM_MATH_CM4 -DUSE_HAL_DRIVER -DSTM32L475xx -c -I../Core/Inc -I../Middlewares/Third_Party/ARM_CMSIS/CMSIS/DSP/Include -I../Drivers/CMSIS/Include -I../Drivers/CMSIS/Device/ST/STM32L4xx/Include -I../Drivers/STM32L4xx_HAL_Driver/Inc -I../Drivers/STM32L4xx_HAL_Driver/Inc/Legacy -O0 -ffunction-sections -fdata-sections -Wall -fstack-usage -MMD -MP -MF"Core/Src/adc.d" -MT"Core/Src/adc.o" --specs=nano.specs -mfpu=fpv4-sp-d16 -mfloat-abi=hard -mthumb -o "Core/Src/adc.o"
arm-none-eabi-gcc "../Core/Src/class3.c" -mcpu=cortex-m4 -std=gnu11 -g3 -D__TARGET_FPU_VFP -D__FPU_PRESENT=1 -DDEBUG -DARM_MATH_CM4 -DUSE_HAL_DRIVER -DSTM32L475xx -c -I../Core/Inc -I../Middlewares/Third_Party/ARM_CMSIS/CMSIS/DSP/Include -I../Drivers/CMSIS/Include -I../Drivers/CMSIS/Device/ST/STM32L4xx/Include -I../Drivers/STM32L4xx_HAL_Driver/Inc -I../Drivers/STM32L4xx_HAL_Driver/Inc/Legacy -O0 -ffunction-sections -fdata-sections -Wall -fstack-usage -MMD -MP -MF"Core/Src/class3.d" -MT"Core/Src/class3.o" --specs=nano.specs -mfpu=fpv4-sp-d16 -mfloat-abi=hard -mthumb -o "Core/Src/class3.o"
In file included from ../Drivers/CMSIS/Device/ST/STM32L4xx/Include/stm32l4xx.h:147,
                 from ../Drivers/STM32L4xx_HAL_Driver/Inc/stm32l4xx_hal_def.h:29,
                 from ../Drivers/STM32L4xx_HAL_Driver/Inc/stm32l4xx_hal_rcc.h:27,
                 from ../Core/Inc/stm32l4xx_hal_conf.h:258,
                 from ../Drivers/STM32L4xx_HAL_Driver/Inc/stm32l4xx_hal.h:29,
                 from ../Core/Inc/main.h:30,
                 from ../Core/Inc/adc.h:29,
                 from ../Core/Src/1_app.c:12:
../Drivers/CMSIS/Device/ST/STM32L4xx/Include/stm32l475xx.h:51: warning: "__FPU_PRESENT" redefined
   51 | #define __FPU_PRESENT             1U       /*!< FPU present                                   */
      | 
<command-line>: note: this is the location of the previous definition
In file included from ../Drivers/CMSIS/Device/ST/STM32L4xx/Include/stm32l4xx.h:147,
                 from ../Drivers/STM32L4xx_HAL_Driver/Inc/stm32l4xx_hal_def.h:29,
                 from ../Drivers/STM32L4xx_HAL_Driver/Inc/stm32l4xx_hal_rcc.h:27,
                 from ../Core/Inc/stm32l4xx_hal_conf.h:258,
                 from ../Drivers/STM32L4xx_HAL_Driver/Inc/stm32l4xx_hal.h:29,
                 from ../Core/Inc/main.h:30,
                 from ../Core/Inc/adc.h:29,
                 from ../Core/Src/adc.c:21:
../Drivers/CMSIS/Device/ST/STM32L4xx/Include/stm32l475xx.h:51: warning: "__FPU_PRESENT" redefined
   51 | #define __FPU_PRESENT             1U       /*!< FPU present                                   */
      | 
<command-line>: note: this is the location of the previous definition
In file included from ../Drivers/CMSIS/Device/ST/STM32L4xx/Include/stm32l4xx.h:147,
                 from ../Drivers/STM32L4xx_HAL_Driver/Inc/stm32l4xx_hal_def.h:29,
                 from ../Drivers/STM32L4xx_HAL_Driver/Inc/stm32l4xx_hal_rcc.h:27,
                 from ../Core/Inc/stm32l4xx_hal_conf.h:258,
                 from ../Drivers/STM32L4xx_HAL_Driver/Inc/stm32l4xx_hal.h:29,
                 from ../Core/Inc/main.h:30,
                 from ../Core/Inc/adc.h:29,
                 from ../Core/Src/class3.c:10:
../Drivers/CMSIS/Device/ST/STM32L4xx/Include/stm32l475xx.h:51: warning: "__FPU_PRESENT" redefined
   51 | #define __FPU_PRESENT             1U       /*!< FPU present                                   */
      | 
<command-line>: note: this is the location of the previous definition
../Core/Src/1_app.c: In function 'app1_main':
../Core/Src/1_app.c:42:24: warning: unused variable 'CS' [-Wunused-variable]
   42 |  arm_cfft_instance_q15 CS;
      |                        ^~
../Core/Src/class3.c: In function 'class3_1_main':
../Core/Src/class3.c:72:48: warning: taking address of packed member of 'struct header_struct' may result in an unaligned pointer value [-Waddress-of-packed-member]
   72 |    arm_max_q15        ( fftMag  ,header.N/2+1 ,&header.maxValue ,&header.maxIndex );
      |                                                ^~~~~~~~~~~~~~~~
../Core/Src/class3.c:72:66: warning: taking address of packed member of 'struct header_struct' may result in an unaligned pointer value [-Waddress-of-packed-member]
   72 |    arm_max_q15        ( fftMag  ,header.N/2+1 ,&header.maxValue ,&header.maxIndex );
      |                                                                  ^~~~~~~~~~~~~~~~
At top level:
../Core/Src/class3.c:134:13: warning: 'dacWrite' defined but not used [-Wunused-function]
  134 | static void dacWrite(uint16_t value){
      |             ^~~~~~~~
../Core/Src/class3.c:39:13: warning: 'trigger' defined but not used [-Wunused-function]
   39 | static void trigger(int16_t threshold)
      |             ^~~~~~~
../Core/Src/class3.c:18:17: warning: 'sweept' defined but not used [-Wunused-variable]
   18 | static uint16_t sweept = 5;
      |                 ^~~~~~
../Core/Src/class3.c:17:17: warning: 'B' defined but not used [-Wunused-variable]
   17 | static uint16_t B  = 2500;
      |                 ^
../Core/Src/class3.c:16:17: warning: 'tone' defined but not used [-Wunused-variable]
   16 | static uint16_t tone = 100 ;
      |                 ^~~~
../Core/Src/class3.c:15:17: warning: 'tick' defined but not used [-Wunused-variable]
   15 | static uint32_t tick = 0   ;
      |                 ^~~~
arm-none-eabi-gcc "../Core/Src/class4_1.c" -mcpu=cortex-m4 -std=gnu11 -g3 -D__TARGET_FPU_VFP -D__FPU_PRESENT=1 -DDEBUG -DARM_MATH_CM4 -DUSE_HAL_DRIVER -DSTM32L475xx -c -I../Core/Inc -I../Middlewares/Third_Party/ARM_CMSIS/CMSIS/DSP/Include -I../Drivers/CMSIS/Include -I../Drivers/CMSIS/Device/ST/STM32L4xx/Include -I../Drivers/STM32L4xx_HAL_Driver/Inc -I../Drivers/STM32L4xx_HAL_Driver/Inc/Legacy -O0 -ffunction-sections -fdata-sections -Wall -fstack-usage -MMD -MP -MF"Core/Src/class4_1.d" -MT"Core/Src/class4_1.o" --specs=nano.specs -mfpu=fpv4-sp-d16 -mfloat-abi=hard -mthumb -o "Core/Src/class4_1.o"
In file included from ../Drivers/CMSIS/Device/ST/STM32L4xx/Include/stm32l4xx.h:147,
                 from ../Drivers/STM32L4xx_HAL_Driver/Inc/stm32l4xx_hal_def.h:29,
                 from ../Drivers/STM32L4xx_HAL_Driver/Inc/stm32l4xx_hal_rcc.h:27,
                 from ../Core/Inc/stm32l4xx_hal_conf.h:258,
                 from ../Drivers/STM32L4xx_HAL_Driver/Inc/stm32l4xx_hal.h:29,
                 from ../Core/Inc/main.h:30,
                 from ../Core/Inc/adc.h:29,
                 from ../Core/Src/class4_1.c:10:
../Drivers/CMSIS/Device/ST/STM32L4xx/Include/stm32l475xx.h:51: warning: "__FPU_PRESENT" redefined
arm-none-eabi-gcc "../Core/Src/dac.c" -mcpu=cortex-m4 -std=gnu11 -g3 -D__TARGET_FPU_VFP -D__FPU_PRESENT=1 -DDEBUG -DARM_MATH_CM4 -DUSE_HAL_DRIVER -DSTM32L475xx -c -I../Core/Inc -I../Middlewares/Third_Party/ARM_CMSIS/CMSIS/DSP/Include -I../Drivers/CMSIS/Include -I../Drivers/CMSIS/Device/ST/STM32L4xx/Include -I../Drivers/STM32L4xx_HAL_Driver/Inc -I../Drivers/STM32L4xx_HAL_Driver/Inc/Legacy -O0 -ffunction-sections -fdata-sections -Wall -fstack-usage -MMD -MP -MF"Core/Src/dac.d" -MT"Core/Src/dac.o" --specs=nano.specs -mfpu=fpv4-sp-d16 -mfloat-abi=hard -mthumb -o "Core/Src/dac.o"
   51 | #define __FPU_PRESENT             1U       /*!< FPU present                                   */
      | 
<command-line>: note: this is the location of the previous definition
In file included from ../Drivers/CMSIS/Device/ST/STM32L4xx/Include/stm32l4xx.h:147,
                 from ../Drivers/STM32L4xx_HAL_Driver/Inc/stm32l4xx_hal_def.h:29,
                 from ../Drivers/STM32L4xx_HAL_Driver/Inc/stm32l4xx_hal_rcc.h:27,
                 from ../Core/Inc/stm32l4xx_hal_conf.h:258,
                 from ../Drivers/STM32L4xx_HAL_Driver/Inc/stm32l4xx_hal.h:29,
                 from ../Core/Inc/main.h:30,
                 from ../Core/Inc/dac.h:29,
                 from ../Core/Src/dac.c:21:
../Drivers/CMSIS/Device/ST/STM32L4xx/Include/stm32l475xx.h:51: warning: "__FPU_PRESENT" redefined
   51 | #define __FPU_PRESENT             1U       /*!< FPU present                                   */
      | 
<command-line>: note: this is the location of the previous definition
../Core/Src/class4_1.c: In function 'class1_main':
../Core/Src/class4_1.c:96:8: warning: unused variable 't' [-Wunused-variable]
   96 |  float t;
      |        ^
../Core/Src/class4_1.c: In function 'class2_main':
../Core/Src/class4_1.c:170:40: warning: passing argument 3 of 'arm_correlate_f32' from incompatible pointer type [-Wincompatible-pointer-types]
  170 |    arm_correlate_f32 ( signal,header.N,adc ,header.N,corrOut  );
      |                                        ^~~
      |                                        |
      |                                        int16_t * {aka short int *}
In file included from ../Core/Src/class4_1.c:7:
../Middlewares/Third_Party/ARM_CMSIS/CMSIS/DSP/Include/arm_math.h:4284:15: note: expected 'float32_t *' {aka 'float *'} but argument is of type 'int16_t *' {aka 'short int *'}
 4284 |   float32_t * pSrcB,
      |   ~~~~~~~~~~~~^~~~~
../Core/Src/class4_1.c:145:8: warning: unused variable 't' [-Wunused-variable]
  145 |  float t;
      |        ^
../Core/Src/class4_1.c:143:8: warning: variable 'coorIn' set but not used [-Wunused-but-set-variable]
  143 |  float coorIn [ header.N      ];// guarda copia de samples en Q15 como in para la fft.La fft corrompe los datos de la entrada!
      |        ^~~~~~
../Core/Src/class4_1.c:142:8: warning: unused variable 'fftInOut' [-Wunused-variable]
  142 |  q15_t fftInOut[ header.N *2 ];//
      |        ^~~~~~~~
../Core/Src/class4_1.c:141:24: warning: unused variable 'CS' [-Wunused-variable]
  141 |  arm_cfft_instance_q15 CS;
      |                        ^~
At top level:
../Core/Src/class4_1.c:199:13: warning: 'dacWrite' defined but not used [-Wunused-function]
  199 | static void dacWrite(uint16_t value){
      |             ^~~~~~~~
../Core/Src/class4_1.c:41:13: warning: 'trigger' defined but not used [-Wunused-function]
   41 | static void trigger(int16_t threshold)
      |             ^~~~~~~
arm-none-eabi-gcc "../Core/Src/dfsdm.c" -mcpu=cortex-m4 -std=gnu11 -g3 -D__TARGET_FPU_VFP -D__FPU_PRESENT=1 -DDEBUG -DARM_MATH_CM4 -DUSE_HAL_DRIVER -DSTM32L475xx -c -I../Core/Inc -I../Middlewares/Third_Party/ARM_CMSIS/CMSIS/DSP/Include -I../Drivers/CMSIS/Include -I../Drivers/CMSIS/Device/ST/STM32L4xx/Include -I../Drivers/STM32L4xx_HAL_Driver/Inc -I../Drivers/STM32L4xx_HAL_Driver/Inc/Legacy -O0 -ffunction-sections -fdata-sections -Wall -fstack-usage -MMD -MP -MF"Core/Src/dfsdm.d" -MT"Core/Src/dfsdm.o" --specs=nano.specs -mfpu=fpv4-sp-d16 -mfloat-abi=hard -mthumb -o "Core/Src/dfsdm.o"
In file included from ../Drivers/CMSIS/Device/ST/STM32L4xx/Include/stm32l4xx.h:147,
                 from ../Drivers/STM32L4xx_HAL_Driver/Inc/stm32l4xx_hal_def.h:29,
                 from ../Drivers/STM32L4xx_HAL_Driver/Inc/stm32l4xx_hal_rcc.h:27,
                 from ../Core/Inc/stm32l4xx_hal_conf.h:258,
                 from ../Drivers/STM32L4xx_HAL_Driver/Inc/stm32l4xx_hal.h:29,
                 from ../Core/Inc/main.h:30,
                 from ../Core/Inc/dfsdm.h:29,
                 from ../Core/Src/dfsdm.c:21:
../Drivers/CMSIS/Device/ST/STM32L4xx/Include/stm32l475xx.h:51: warning: "__FPU_PRESENT" redefined
   51 | #define __FPU_PRESENT             1U       /*!< FPU present                                   */
      | 
<command-line>: note: this is the location of the previous definition
../Core/Src/dfsdm.c:162:17: error: redefinition of 'DFSDM1_Init'
  162 | static uint32_t DFSDM1_Init = 0;
      |                 ^~~~~~~~~~~
../Core/Src/dfsdm.c:91:17: note: previous definition of 'DFSDM1_Init' was here
   91 | static uint32_t DFSDM1_Init = 0;
      |                 ^~~~~~~~~~~
make: *** [Core/Src/subdir.mk:70: Core/Src/dfsdm.o] Error 1
make: *** Waiting for unfinished jobs....
"make -j3 all" terminated with exit code 2. Build might be incomplete.
